# JRE version: Java(TM) SE Runtime Environment (8.0_311-b11) (build 1.8.0_311-b11)
# Java VM: Java HotSpot(TM) 64-Bit Server VM (25.311-b11 mixed mode windows-amd64 compressed oops)
Heap:
 PSYoungGen      total 25600K, used 6181K [0x00000000dcc00000, 0x00000000df080000, 0x0000000100000000)
  eden space 25088K, 23% used [0x00000000dcc00000,0x00000000dd1c1728,0x00000000de480000)
  from space 512K, 56% used [0x00000000de500000,0x00000000de548000,0x00000000de580000)
  to   space 6144K, 0% used [0x00000000dea80000,0x00000000dea80000,0x00000000df080000)
 ParOldGen       total 72704K, used 4865K [0x0000000096400000, 0x000000009ab00000, 0x00000000dcc00000)
  object space 72704K, 6% used [0x0000000096400000,0x00000000968c06d0,0x000000009ab00000)
 Metaspace       used 18340K, capacity 18658K, committed 18816K, reserved 1064960K
  class space    used 2327K, capacity 2423K, committed 2432K, reserved 1048576K
GC Heap History (10 events):
Event: 24.839 GC heap before
{Heap before GC invocations=5 (full 0):
 PSYoungGen      total 31744K, used 31723K [0x00000000dcc00000, 0x00000000def00000, 0x0000000100000000)
  eden space 27648K, 100% used [0x00000000dcc00000,0x00000000de700000,0x00000000de700000)
  from space 4096K, 99% used [0x00000000deb00000,0x00000000deefaee8,0x00000000def00000)
  to   space 4096K, 0% used [0x00000000de700000,0x00000000de700000,0x00000000deb00000)
 ParOldGen       total 72704K, used 735K [0x0000000096400000, 0x000000009ab00000, 0x00000000dcc00000)
  object space 72704K, 1% used [0x0000000096400000,0x00000000964b7e80,0x000000009ab00000)
 Metaspace       used 17835K, capacity 18128K, committed 18304K, reserved 1064960K
  class space    used 2292K, capacity 2356K, committed 2432K, reserved 1048576K
Event: 24.850 GC heap after
Heap after GC invocations=5 (full 0):
 PSYoungGen      total 31232K, used 4068K [0x00000000dcc00000, 0x00000000df080000, 0x0000000100000000)
  eden space 27136K, 0% used [0x00000000dcc00000,0x00000000dcc00000,0x00000000de680000)
  from space 4096K, 99% used [0x00000000de700000,0x00000000deaf90d8,0x00000000deb00000)
  to   space 5120K, 0% used [0x00000000deb80000,0x00000000deb80000,0x00000000df080000)
 ParOldGen       total 72704K, used 775K [0x0000000096400000, 0x000000009ab00000, 0x00000000dcc00000)
  object space 72704K, 1% used [0x0000000096400000,0x00000000964c1e80,0x000000009ab00000)
 Metaspace       used 17835K, capacity 18128K, committed 18304K, reserved 1064960K
  class space    used 2292K, capacity 2356K, committed 2432K, reserved 1048576K
}
Event: 32.587 GC heap before
{Heap before GC invocations=6 (full 0):
 PSYoungGen      total 31232K, used 31204K [0x00000000dcc00000, 0x00000000df080000, 0x0000000100000000)
  eden space 27136K, 100% used [0x00000000dcc00000,0x00000000de680000,0x00000000de680000)
  from space 4096K, 99% used [0x00000000de700000,0x00000000deaf90d8,0x00000000deb00000)
  to   space 5120K, 0% used [0x00000000deb80000,0x00000000deb80000,0x00000000df080000)
 ParOldGen       total 72704K, used 775K [0x0000000096400000, 0x000000009ab00000, 0x00000000dcc00000)
  object space 72704K, 1% used [0x0000000096400000,0x00000000964c1e80,0x000000009ab00000)
 Metaspace       used 17924K, capacity 18326K, committed 18560K, reserved 1064960K
  class space    used 2296K, capacity 2421K, committed 2432K, reserved 1048576K
Event: 32.599 GC heap after
Heap after GC invocations=6 (full 0):
 PSYoungGen      total 31232K, used 4100K [0x00000000dcc00000, 0x00000000df000000, 0x0000000100000000)
  eden space 26624K, 0% used [0x00000000dcc00000,0x00000000dcc00000,0x00000000de600000)
  from space 4608K, 88% used [0x00000000deb80000,0x00000000def810d8,0x00000000df000000)
  to   space 5120K, 0% used [0x00000000de600000,0x00000000de600000,0x00000000deb00000)
 ParOldGen       total 72704K, used 783K [0x0000000096400000, 0x000000009ab00000, 0x00000000dcc00000)
  object space 72704K, 1% used [0x0000000096400000,0x00000000964c3e80,0x000000009ab00000)
 Metaspace       used 17924K, capacity 18326K, committed 18560K, reserved 1064960K
  class space    used 2296K, capacity 2421K, committed 2432K, reserved 1048576K
}
Event: 38.980 GC heap before
{Heap before GC invocations=7 (full 0):
 PSYoungGen      total 31232K, used 30724K [0x00000000dcc00000, 0x00000000df000000, 0x0000000100000000)
  eden space 26624K, 100% used [0x00000000dcc00000,0x00000000de600000,0x00000000de600000)
  from space 4608K, 88% used [0x00000000deb80000,0x00000000def810d8,0x00000000df000000)
  to   space 5120K, 0% used [0x00000000de600000,0x00000000de600000,0x00000000deb00000)
 ParOldGen       total 72704K, used 783K [0x0000000096400000, 0x000000009ab00000, 0x00000000dcc00000)
  object space 72704K, 1% used [0x0000000096400000,0x00000000964c3e80,0x000000009ab00000)
 Metaspace       used 18049K, capacity 18396K, committed 18560K, reserved 1064960K
  class space    used 2298K, capacity 2422K, committed 2432K, reserved 1048576K
Event: 39.034 GC heap after
Heap after GC invocations=7 (full 0):
 PSYoungGen      total 31232K, used 1081K [0x00000000dcc00000, 0x00000000df080000, 0x0000000100000000)
  eden space 26112K, 0% used [0x00000000dcc00000,0x00000000dcc00000,0x00000000de580000)
  from space 5120K, 21% used [0x00000000de600000,0x00000000de70e7f8,0x00000000deb00000)
  to   space 5632K, 0% used [0x00000000deb00000,0x00000000deb00000,0x00000000df080000)
 ParOldGen       total 72704K, used 3838K [0x0000000096400000, 0x000000009ab00000, 0x00000000dcc00000)
  object space 72704K, 5% used [0x0000000096400000,0x00000000967bfac8,0x000000009ab00000)
 Metaspace       used 18049K, capacity 18396K, committed 18560K, reserved 1064960K
  class space    used 2298K, capacity 2422K, committed 2432K, reserved 1048576K
}
Event: 43.567 GC heap before
{Heap before GC invocations=8 (full 0):
 PSYoungGen      total 31232K, used 27193K [0x00000000dcc00000, 0x00000000df080000, 0x0000000100000000)
  eden space 26112K, 100% used [0x00000000dcc00000,0x00000000de580000,0x00000000de580000)
  from space 5120K, 21% used [0x00000000de600000,0x00000000de70e7f8,0x00000000deb00000)
  to   space 5632K, 0% used [0x00000000deb00000,0x00000000deb00000,0x00000000df080000)
 ParOldGen       total 72704K, used 3838K [0x0000000096400000, 0x000000009ab00000, 0x00000000dcc00000)
  object space 72704K, 5% used [0x0000000096400000,0x00000000967bfac8,0x000000009ab00000)
 Metaspace       used 18051K, capacity 18396K, committed 18560K, reserved 1064960K
  class space    used 2298K, capacity 2422K, committed 2432K, reserved 1048576K
Event: 43.574 GC heap after
Heap after GC invocations=8 (full 0):
 PSYoungGen      total 31232K, used 256K [0x00000000dcc00000, 0x00000000df100000, 0x0000000100000000)
  eden space 25600K, 0% used [0x00000000dcc00000,0x00000000dcc00000,0x00000000de500000)
  from space 5632K, 4% used [0x00000000deb00000,0x00000000deb40000,0x00000000df080000)
  to   space 6144K, 0% used [0x00000000de500000,0x00000000de500000,0x00000000deb00000)
 ParOldGen       total 72704K, used 4617K [0x0000000096400000, 0x000000009ab00000, 0x00000000dcc00000)
  object space 72704K, 6% used [0x0000000096400000,0x00000000968826d0,0x000000009ab00000)
 Metaspace       used 18051K, capacity 18396K, committed 18560K, reserved 1064960K
  class space    used 2298K, capacity 2422K, committed 2432K, reserved 1048576K
}
Event: 48.367 GC heap before
{Heap before GC invocations=9 (full 0):
 PSYoungGen      total 31232K, used 25856K [0x00000000dcc00000, 0x00000000df100000, 0x0000000100000000)
  eden space 25600K, 100% used [0x00000000dcc00000,0x00000000de500000,0x00000000de500000)
  from space 5632K, 4% used [0x00000000deb00000,0x00000000deb40000,0x00000000df080000)
  to   space 6144K, 0% used [0x00000000de500000,0x00000000de500000,0x00000000deb00000)
 ParOldGen       total 72704K, used 4617K [0x0000000096400000, 0x000000009ab00000, 0x00000000dcc00000)
  object space 72704K, 6% used [0x0000000096400000,0x00000000968826d0,0x000000009ab00000)
 Metaspace       used 18336K, capacity 18658K, committed 18816K, reserved 1064960K
  class space    used 2327K, capacity 2423K, committed 2432K, reserved 1048576K
Event: 48.390 GC heap after
Heap after GC invocations=9 (full 0):
 PSYoungGen      total 25600K, used 288K [0x00000000dcc00000, 0x00000000df080000, 0x0000000100000000)
  eden space 25088K, 0% used [0x00000000dcc00000,0x00000000dcc00000,0x00000000de480000)
  from space 512K, 56% used [0x00000000de500000,0x00000000de548000,0x00000000de580000)
  to   space 6144K, 0% used [0x00000000dea80000,0x00000000dea80000,0x00000000df080000)
 ParOldGen       total 72704K, used 4865K [0x0000000096400000, 0x000000009ab00000, 0x00000000dcc00000)
  object space 72704K, 6% used [0x0000000096400000,0x00000000968c06d0,0x000000009ab00000)
 Metaspace       used 18336K, capacity 18658K, committed 18816K, reserved 1064960K
  class space    used 2327K, capacity 2423K, committed 2432K, reserved 1048576K
}

